<?xml version="1.0" encoding="UTF-8"?>
<!-- Generated by org.testng.reporters.JUnitXMLReporter -->
<testsuite ignored="2" hostname="PC-PC" failures="0" tests="2" name="Test" time="0.341" errors="0" timestamp="2023-09-01T19:23:33 IST">
  <testcase classname="TestNg_Group.Sample_2" name="Sample_2_1" time="0.055"/>
  <testcase classname="TestNg_Group.Sample_1" name="Sample_1_1" time="0.006"/>
  <testcase classname="TestNg_Group.Sample_2" name="Sample_2_2" time="0.0">
    <ignored/>
  </testcase> <!-- Sample_2_2 -->
  <testcase classname="TestNg_Group.Sample_1" name="Sample_1_2" time="0.0">
    <ignored/>
  </testcase> <!-- Sample_1_2 -->
</testsuite> <!-- Test -->
